<?xml version="1.0" encoding="UTF-8"?>
<!-- Generated by org.testng.reporters.JUnitReportReporter -->
<testsuite hostname="FWS-CHE-LT-9168" failures="0" tests="1" name="Testcases.AppTest" time="0.002" errors="0" timestamp="2025-01-08T07:33:58 IST" skipped="0">
  <testcase classname="Testcases.AppTest" name="test" time="0.002"/>
  <system-out/>
</testsuite> <!-- Testcases.AppTest -->
