<?xml version="1.0" encoding="UTF-8"?>
<!-- Generated by org.testng.reporters.JUnitReportReporter -->
<testsuite hostname="FWS-CHE-LT-9168" failures="0" tests="4" name="Testcases.Testnglearn" time="0.029" errors="0" timestamp="2025-08-07T07:16:40 IST" skipped="2">
  <testcase classname="Testcases.Testnglearn" name="testcase1" time="0.024"/>
  <system-out/>
  <testcase classname="Testcases.Testnglearn" name="testcase1" time="0.005"/>
  <system-out/>
  <testcase classname="Testcases.Testnglearn" name="testcase2">
    <skipped/>
  </testcase> <!-- testcase2 -->
  <system-out/>
  <testcase classname="Testcases.Testnglearn" name="testcase2">
    <skipped/>
  </testcase> <!-- testcase2 -->
  <system-out/>
</testsuite> <!-- Testcases.Testnglearn -->
