<?xml version="1.0" encoding="UTF-8"?>
<!-- Generated by org.testng.reporters.JUnitReportReporter -->
<testsuite hostname="FWS-CHE-LT-9168" failures="0" tests="1" name="Testcases.Firstclass" time="0.020" errors="0" timestamp="2024-12-16T16:33:44 IST" skipped="0">
  <testcase classname="Testcases.Firstclass" name="test" time="0.020"/>
  <system-out/>
</testsuite> <!-- Testcases.Firstclass -->
