<?xml version="1.0" encoding="UTF-8"?>
<!-- Generated by org.testng.reporters.JUnitReportReporter -->
<testsuite hostname="FWS-CHE-LT-9168" failures="0" tests="1" name="Testcases.Testnglearn" time="0.165" errors="0" timestamp="2025-08-06T07:44:53 IST" skipped="0">
  <testcase classname="Testcases.Testnglearn" name="testcase1" time="0.165"/>
  <system-out/>
</testsuite> <!-- Testcases.Testnglearn -->
