<?xml version="1.0" encoding="UTF-8"?>
<!-- Generated by org.testng.reporters.JUnitReportReporter -->
<testsuite hostname="FWS-CHE-LT-9168" failures="0" tests="2" name="Testcases.HomepageTest" time="9.568" errors="0" timestamp="2025-01-08T22:39:36 IST" skipped="0">
  <testcase classname="Testcases.HomepageTest" name="test_login" time="2.035"/>
  <system-out/>
  <testcase classname="Testcases.HomepageTest" name="test_data" time="7.533"/>
  <system-out/>
</testsuite> <!-- Testcases.HomepageTest -->
