<?xml version="1.0" encoding="UTF-8"?>
<!-- Generated by org.testng.reporters.JUnitReportReporter -->
<testsuite hostname="FWS-CHE-LT-9168" failures="0" tests="1" name="Testcases.FirstclassTest" time="8.833" errors="0" timestamp="2025-01-08T10:45:04 IST" skipped="0">
  <testcase classname="Testcases.FirstclassTest" name="test_data" time="8.833"/>
  <system-out/>
</testsuite> <!-- Testcases.FirstclassTest -->
